<?xml version="1.0" encoding="UTF-8"?>
<testsuite name="lab1.CarRentalTests" tests="7" skipped="0" failures="0" errors="0" timestamp="2024-10-07T19:58:51" hostname="LAPTOP" time="0.057">
  <properties/>
  <testcase name="testCarConstructor" classname="lab1.CarRentalTests" time="0.016"/>
  <testcase name="testCarEquality" classname="lab1.CarRentalTests" time="0.0"/>
  <testcase name="testHashCodeConsistency" classname="lab1.CarRentalTests" time="0.015"/>
  <testcase name="testRentalConstructor" classname="lab1.CarRentalTests" time="0.011"/>
  <testcase name="testRentalEquality" classname="lab1.CarRentalTests" time="0.0"/>
  <testcase name="testRenterConstructor" classname="lab1.CarRentalTests" time="0.0"/>
  <testcase name="testRenterEquality" classname="lab1.CarRentalTests" time="0.0"/>
  <system-out><![CDATA[]]></system-out>
  <system-err><![CDATA[]]></system-err>
</testsuite>
